\BOOKMARK [0][-]{chapter.1}{Introduction}{}% 2
\BOOKMARK [0][-]{chapter.2}{Derivation of Navier-Stokes Equations}{}% 3
\BOOKMARK [1][-]{section.2.1}{Reynold's transport theorem}{chapter.2}% 4
\BOOKMARK [1][-]{section.2.2}{Conservation of Mass}{chapter.2}% 5
\BOOKMARK [1][-]{section.2.3}{Conservation of Momentum}{chapter.2}% 6
\BOOKMARK [1][-]{section.2.4}{Dimensional Analysis}{chapter.2}% 7
\BOOKMARK [1][-]{section.2.5}{Geometries and Boundary Conditions}{chapter.2}% 8
\BOOKMARK [2][-]{subsection.2.5.1}{Dirichlet Boundary Condition}{section.2.5}% 9
\BOOKMARK [2][-]{subsection.2.5.2}{Neumann Boundary Condition}{section.2.5}% 10
\BOOKMARK [2][-]{subsection.2.5.3}{Mixed Boundary Condition}{section.2.5}% 11
\BOOKMARK [2][-]{subsection.2.5.4}{Periodic Boundary Condition}{section.2.5}% 12
\BOOKMARK [1][-]{section.2.6}{Conclusion}{chapter.2}% 13
\BOOKMARK [0][-]{chapter.3}{Discretization of the Navier-Stokes Equations}{}% 14
\BOOKMARK [1][-]{section.3.1}{Finite Difference Approximations}{chapter.3}% 15
\BOOKMARK [2][-]{subsection.3.1.1}{First Order Finite Difference Approximations}{section.3.1}% 16
\BOOKMARK [2][-]{subsection.3.1.2}{Higher Order Finite Difference Approximations}{section.3.1}% 17
\BOOKMARK [1][-]{section.3.2}{The Donor-Cell Discretization Scheme}{chapter.3}% 18
\BOOKMARK [1][-]{section.3.3}{Discretization of the Heat Equation}{chapter.3}% 19
\BOOKMARK [1][-]{section.3.4}{Discretization of the Spatial Derivative}{chapter.3}% 20
\BOOKMARK [1][-]{section.3.5}{Discretization of the Time Derivative}{chapter.3}% 21
\BOOKMARK [2][-]{subsection.3.5.1}{The Time-Stepping Algorithm}{section.3.5}% 22
\BOOKMARK [1][-]{section.3.6}{Conclusion}{chapter.3}% 23
\BOOKMARK [0][-]{chapter.4}{Implementation of the Navier-Stokes Equations Solver}{}% 24
\BOOKMARK [1][-]{section.4.1}{The Program}{chapter.4}% 25
\BOOKMARK [1][-]{section.4.2}{Conclusion}{chapter.4}% 26
\BOOKMARK [0][-]{chapter.5}{Visualization Techniques}{}% 27
\BOOKMARK [1][-]{section.5.1}{Vector Field Representation}{chapter.5}% 28
\BOOKMARK [1][-]{section.5.2}{Streamlines}{chapter.5}% 29
\BOOKMARK [1][-]{section.5.3}{Conclusion}{chapter.5}% 30
\BOOKMARK [0][-]{chapter.6}{Examination of Classical Flows}{}% 31
\BOOKMARK [1][-]{section.6.1}{Flow Over a Flat Plate}{chapter.6}% 32
\BOOKMARK [1][-]{section.6.2}{Flow Between Two Parallel Plates}{chapter.6}% 33
\BOOKMARK [1][-]{section.6.3}{Lid-Driven Cavity Flow}{chapter.6}% 34
\BOOKMARK [1][-]{section.6.4}{Flow Over a Backward Facing Step}{chapter.6}% 35
\BOOKMARK [1][-]{section.6.5}{Conclusion}{chapter.6}% 36
\BOOKMARK [0][-]{chapter.7}{Summary}{}% 37
\BOOKMARK [0][-]{chapter*.5}{References}{}% 38
