This is pdfTeX, Version 3.1415926-2.3-1.40.12 (MiKTeX 2.9) (preloaded format=pdflatex 2013.1.13)  29 APR 2014 02:26
entering extended mode
**Thesis_Main.tex
(C:\Users\Admin\workspace\Thesis\Thesis_Main.tex
LaTeX2e <2011/06/27>
Babel <v3.8m> and hyphenation patterns for english, afrikaans, ancientgreek, ar
abic, armenian, assamese, basque, bengali, bokmal, bulgarian, catalan, coptic, 
croatian, czech, danish, dutch, esperanto, estonian, farsi, finnish, french, ga
lician, german, german-x-2009-06-19, greek, gujarati, hindi, hungarian, iceland
ic, indonesian, interlingua, irish, italian, kannada, kurmanji, lao, latin, lat
vian, lithuanian, malayalam, marathi, mongolian, mongolianlmc, monogreek, ngerm
an, ngerman-x-2009-06-19, nynorsk, oriya, panjabi, pinyin, polish, portuguese, 
romanian, russian, sanskrit, serbian, slovak, slovenian, spanish, swedish, swis
sgerman, tamil, telugu, turkish, turkmen, ukenglish, ukrainian, uppersorbian, u
senglishmax, welsh, loaded.
("C:\Program Files (x86)\MiKTeX 2.9\tex\latex\base\report.cls"
Document Class: report 2007/10/19 v1.4h Standard LaTeX document class
("C:\Program Files (x86)\MiKTeX 2.9\tex\latex\base\size12.clo"
File: size12.clo 2007/10/19 v1.4h Standard LaTeX file (size option)
)
\c@part=\count79
\c@chapter=\count80
\c@section=\count81
\c@subsection=\count82
\c@subsubsection=\count83
\c@paragraph=\count84
\c@subparagraph=\count85
\c@figure=\count86
\c@table=\count87
\abovecaptionskip=\skip41
\belowcaptionskip=\skip42
\bibindent=\dimen102
)
("C:\Program Files (x86)\MiKTeX 2.9\tex\latex\graphics\graphicx.sty"
Package: graphicx 1999/02/16 v1.0f Enhanced LaTeX Graphics (DPC,SPQR)

("C:\Program Files (x86)\MiKTeX 2.9\tex\latex\graphics\keyval.sty"
Package: keyval 1999/03/16 v1.13 key=value parser (DPC)
\KV@toks@=\toks14
)
("C:\Program Files (x86)\MiKTeX 2.9\tex\latex\graphics\graphics.sty"
Package: graphics 2009/02/05 v1.0o Standard LaTeX Graphics (DPC,SPQR)

("C:\Program Files (x86)\MiKTeX 2.9\tex\latex\graphics\trig.sty"
Package: trig 1999/03/16 v1.09 sin cos tan (DPC)
)
("C:\Program Files (x86)\MiKTeX 2.9\tex\latex\00miktex\graphics.cfg"
File: graphics.cfg 2007/01/18 v1.5 graphics configuration of teTeX/TeXLive
)
Package graphics Info: Driver file: pdftex.def on input line 91.

("C:\Program Files (x86)\MiKTeX 2.9\tex\latex\pdftex-def\pdftex.def"
File: pdftex.def 2011/05/27 v0.06d Graphics/color for pdfTeX

("C:\Program Files (x86)\MiKTeX 2.9\tex\generic\oberdiek\infwarerr.sty"
Package: infwarerr 2010/04/08 v1.3 Providing info/warning/message (HO)
)
("C:\Program Files (x86)\MiKTeX 2.9\tex\generic\oberdiek\ltxcmds.sty"
Package: ltxcmds 2011/04/18 v1.20 LaTeX kernel commands for general use (HO)
)
\Gread@gobject=\count88
))
\Gin@req@height=\dimen103
\Gin@req@width=\dimen104
)
("C:\Program Files (x86)\MiKTeX 2.9\tex\latex\hyperref\hyperref.sty"
Package: hyperref 2011/12/04 v6.82m Hypertext links for LaTeX

("C:\Program Files (x86)\MiKTeX 2.9\tex\generic\oberdiek\hobsub-hyperref.sty"
Package: hobsub-hyperref 2011/04/23 v1.4 Bundle oberdiek, subset hyperref (HO)

("C:\Program Files (x86)\MiKTeX 2.9\tex\generic\oberdiek\hobsub-generic.sty"
Package: hobsub-generic 2011/04/23 v1.4 Bundle oberdiek, subset generic (HO)
Package: hobsub 2011/04/23 v1.4 Subsetting bundle oberdiek (HO)
Package hobsub Info: Skipping package `infwarerr' (already loaded).
Package hobsub Info: Skipping package `ltxcmds' (already loaded).
Package: ifluatex 2010/03/01 v1.3 Provides the ifluatex switch (HO)
Package ifluatex Info: LuaTeX not detected.
Package: ifvtex 2010/03/01 v1.5 Switches for detecting VTeX and its modes (HO)
Package ifvtex Info: VTeX not detected.
Package: intcalc 2007/09/27 v1.1 Expandable integer calculations (HO)
Package: ifpdf 2011/01/30 v2.3 Provides the ifpdf switch (HO)
Package ifpdf Info: pdfTeX in PDF mode is detected.
Package: etexcmds 2011/02/16 v1.5 Prefix for e-TeX command names (HO)
Package etexcmds Info: Could not find \expanded.
(etexcmds)             That can mean that you are not using pdfTeX 1.50 or
(etexcmds)             that some package has redefined \expanded.
(etexcmds)             In the latter case, load this package earlier.
Package: kvsetkeys 2011/04/07 v1.13 Key value parser (HO)
Package: kvdefinekeys 2011/04/07 v1.3 Defining keys (HO)
Package: pdftexcmds 2011/04/22 v0.16 Utilities of pdfTeX for LuaTeX (HO)
Package pdftexcmds Info: LuaTeX not detected.
Package pdftexcmds Info: \pdf@primitive is available.
Package pdftexcmds Info: \pdf@ifprimitive is available.
Package pdftexcmds Info: \pdfdraftmode found.
Package: pdfescape 2011/04/04 v1.12 Provides string conversions (HO)
Package: bigintcalc 2011/01/30 v1.2 Expandable big integer calculations (HO)
Package: bitset 2011/01/30 v1.1 Data type bit set (HO)
Package: uniquecounter 2011/01/30 v1.2 Provides unlimited unique counter (HO)
)
Package hobsub Info: Skipping package `hobsub' (already loaded).
Package: letltxmacro 2010/09/02 v1.4 Let assignment for LaTeX macros (HO)
Package: hopatch 2011/01/30 v1.0 Wrapper for package hooks (HO)
Package: xcolor-patch 2011/01/30 xcolor patch
Package: atveryend 2011/04/23 v1.7 Hooks at very end of document (HO)
Package: atbegshi 2011/01/30 v1.15 At begin shipout hook (HO)
Package: refcount 2010/12/01 v3.2 Data extraction from references (HO)
Package: hycolor 2011/01/30 v1.7 Color options of hyperref/bookmark (HO)
)
("C:\Program Files (x86)\MiKTeX 2.9\tex\generic\ifxetex\ifxetex.sty"
Package: ifxetex 2010/09/12 v0.6 Provides ifxetex conditional
)
("C:\Program Files (x86)\MiKTeX 2.9\tex\latex\oberdiek\kvoptions.sty"
Package: kvoptions 2010/12/23 v3.10 Keyval support for LaTeX options (HO)
)
\@linkdim=\dimen105
\Hy@linkcounter=\count89
\Hy@pagecounter=\count90

("C:\Program Files (x86)\MiKTeX 2.9\tex\latex\hyperref\pd1enc.def"
File: pd1enc.def 2011/12/04 v6.82m Hyperref: PDFDocEncoding definition (HO)
)
\Hy@SavedSpaceFactor=\count91

("C:\Program Files (x86)\MiKTeX 2.9\tex\latex\00miktex\hyperref.cfg"
File: hyperref.cfg 2002/06/06 v1.2 hyperref configuration of TeXLive
)
Package hyperref Info: Hyper figures OFF on input line 4046.
Package hyperref Info: Link nesting OFF on input line 4051.
Package hyperref Info: Hyper index ON on input line 4054.
Package hyperref Info: Plain pages OFF on input line 4061.
Package hyperref Info: Backreferencing OFF on input line 4066.
Package hyperref Info: Implicit mode ON; LaTeX internals redefined.
Package hyperref Info: Bookmarks ON on input line 4284.
\c@Hy@tempcnt=\count92

("C:\Program Files (x86)\MiKTeX 2.9\tex\latex\ltxmisc\url.sty"
\Urlmuskip=\muskip10
Package: url 2006/04/12  ver 3.3  Verb mode for urls, etc.
)
LaTeX Info: Redefining \url on input line 4637.
\Fld@menulength=\count93
\Field@Width=\dimen106
\Fld@charsize=\dimen107
Package hyperref Info: Hyper figures OFF on input line 5757.
Package hyperref Info: Link nesting OFF on input line 5762.
Package hyperref Info: Hyper index ON on input line 5765.
Package hyperref Info: backreferencing OFF on input line 5772.
Package hyperref Info: Link coloring OFF on input line 5777.
Package hyperref Info: Link coloring with OCG OFF on input line 5782.
Package hyperref Info: PDF/A mode OFF on input line 5787.
LaTeX Info: Redefining \ref on input line 5827.
LaTeX Info: Redefining \pageref on input line 5831.
\Hy@abspage=\count94
\c@Item=\count95
\c@Hfootnote=\count96
)

Package hyperref Message: Driver (autodetected): hpdftex.

("C:\Program Files (x86)\MiKTeX 2.9\tex\latex\hyperref\hpdftex.def"
File: hpdftex.def 2011/12/04 v6.82m Hyperref driver for pdfTeX
\Fld@listcount=\count97
\c@bookmark@seq@number=\count98

("C:\Program Files (x86)\MiKTeX 2.9\tex\latex\oberdiek\rerunfilecheck.sty"
Package: rerunfilecheck 2011/04/15 v1.7 Rerun checks for auxiliary files (HO)
Package uniquecounter Info: New unique counter `rerunfilecheck' on input line 2
82.
)
\Hy@SectionHShift=\skip43
)
("C:\Program Files (x86)\MiKTeX 2.9\tex\latex\oberdiek\epstopdf.sty"
Package: epstopdf 2010/02/09 v2.5 Conversion with epstopdf on the fly (HO)

("C:\Program Files (x86)\MiKTeX 2.9\tex\latex\oberdiek\epstopdf-base.sty"
Package: epstopdf-base 2010/02/09 v2.5 Base part for package epstopdf

("C:\Program Files (x86)\MiKTeX 2.9\tex\latex\oberdiek\grfext.sty"
Package: grfext 2010/08/19 v1.1 Managing graphics extensions (HO)
)
Package grfext Info: Graphics extension search list:
(grfext)             [.png,.pdf,.jpg,.mps,.jpeg,.jbig2,.jb2,.PNG,.PDF,.JPG,.JPE
G,.JBIG2,.JB2,.eps]
(grfext)             \AppendGraphicsExtensions on input line 452.
))

Package hyperref Warning: Option `bookmarks' has already been used,
(hyperref)                setting the option has no effect on input line 22.

Package hyperref Info: Option `unicode' set `false' on input line 22.
Package hyperref Info: Option `pdftoolbar' set `true' on input line 22.
Package hyperref Info: Option `pdfmenubar' set `true' on input line 22.
Package hyperref Info: Option `pdffitwindow' set `false' on input line 22.
Package hyperref Info: Option `pdfnewwindow' set `true' on input line 22.
Package hyperref Info: Option `colorlinks' set `false' on input line 22.
\c@defi=\count99
\c@theo=\count100
(C:\Users\Admin\workspace\Thesis\Thesis_Main.aux)
LaTeX Font Info:    Checking defaults for OML/cmm/m/it on input line 42.
LaTeX Font Info:    ... okay on input line 42.
LaTeX Font Info:    Checking defaults for T1/cmr/m/n on input line 42.
LaTeX Font Info:    ... okay on input line 42.
LaTeX Font Info:    Checking defaults for OT1/cmr/m/n on input line 42.
LaTeX Font Info:    ... okay on input line 42.
LaTeX Font Info:    Checking defaults for OMS/cmsy/m/n on input line 42.
LaTeX Font Info:    ... okay on input line 42.
LaTeX Font Info:    Checking defaults for OMX/cmex/m/n on input line 42.
LaTeX Font Info:    ... okay on input line 42.
LaTeX Font Info:    Checking defaults for U/cmr/m/n on input line 42.
LaTeX Font Info:    ... okay on input line 42.
LaTeX Font Info:    Checking defaults for PD1/pdf/m/n on input line 42.
LaTeX Font Info:    ... okay on input line 42.

("C:\Program Files (x86)\MiKTeX 2.9\tex\context\base\supp-pdf.mkii"
[Loading MPS to PDF converter (version 2006.09.02).]
\scratchcounter=\count101
\scratchdimen=\dimen108
\scratchbox=\box26
\nofMPsegments=\count102
\nofMParguments=\count103
\everyMPshowfont=\toks15
\MPscratchCnt=\count104
\MPscratchDim=\dimen109
\MPnumerator=\count105
\makeMPintoPDFobject=\count106
\everyMPtoPDFconversion=\toks16
)
\AtBeginShipoutBox=\box27
Package hyperref Info: Link coloring OFF on input line 42.
 ("C:\Program Files (x86)\MiKTeX 2.9\tex\latex\hyperref\nameref.sty"
Package: nameref 2010/04/30 v2.40 Cross-referencing by name of section

("C:\Program Files (x86)\MiKTeX 2.9\tex\generic\oberdiek\gettitlestring.sty"
Package: gettitlestring 2010/12/03 v1.4 Cleanup title references (HO)
)
\c@section@level=\count107
)
LaTeX Info: Redefining \ref on input line 42.
LaTeX Info: Redefining \pageref on input line 42.
LaTeX Info: Redefining \nameref on input line 42.

(C:\Users\Admin\workspace\Thesis\Thesis_Main.out)
(C:\Users\Admin\workspace\Thesis\Thesis_Main.out)
\@outlinefile=\write3

(C:\Users\Admin\workspace\Thesis\Thesis_Front.tex [1

{C:/ProgramData/MiKTeX/2.9/pdftex/config/pdftex.map}]
LaTeX Font Info:    External font `cmex10' loaded for size
(Font)              <12> on input line 71.
LaTeX Font Info:    External font `cmex10' loaded for size
(Font)              <8> on input line 71.
LaTeX Font Info:    External font `cmex10' loaded for size
(Font)              <6> on input line 71.

! Missing number, treated as zero.
<to be read again> 
                   \vrule 
l.73 \line(1,0){2.5in}
                      & &\line(1,0){2.5in}\\
A number should have been here; I inserted `0'.
(If you can't figure out why I needed to see a number,
look up `weird error' in the index to The TeXbook.)

! Illegal unit of measure (pt inserted).
<to be read again> 
                   \vrule 
l.73 \line(1,0){2.5in}
                      & &\line(1,0){2.5in}\\
Dimensions can be in units of em, ex, in, pt, pc,
cm, mm, dd, cc, nd, nc, bp, or sp; but yours is a new one!
I'll assume that you meant to say pt, for printer's points.
To recover gracefully from this error, it's best to
delete the erroneous units; e.g., type `2' to delete
two letters. (See Chapter 27 of The TeXbook.)

! Missing number, treated as zero.
<to be read again> 
                   \vrule 
l.73 \line(1,0){2.5in}& &\line(1,0){2.5in}
                                          \\
A number should have been here; I inserted `0'.
(If you can't figure out why I needed to see a number,
look up `weird error' in the index to The TeXbook.)

! Illegal unit of measure (pt inserted).
<to be read again> 
                   \vrule 
l.73 \line(1,0){2.5in}& &\line(1,0){2.5in}
                                          \\
Dimensions can be in units of em, ex, in, pt, pc,
cm, mm, dd, cc, nd, nc, bp, or sp; but yours is a new one!
I'll assume that you meant to say pt, for printer's points.
To recover gracefully from this error, it's best to
delete the erroneous units; e.g., type `2' to delete
two letters. (See Chapter 27 of The TeXbook.)

! Missing number, treated as zero.
<to be read again> 
                   \vrule 
l.77 \line(1,0){2.5in}
                      & &\line(1,0){2.5in}   \\
A number should have been here; I inserted `0'.
(If you can't figure out why I needed to see a number,
look up `weird error' in the index to The TeXbook.)

! Illegal unit of measure (pt inserted).
<to be read again> 
                   \vrule 
l.77 \line(1,0){2.5in}
                      & &\line(1,0){2.5in}   \\
Dimensions can be in units of em, ex, in, pt, pc,
cm, mm, dd, cc, nd, nc, bp, or sp; but yours is a new one!
I'll assume that you meant to say pt, for printer's points.
To recover gracefully from this error, it's best to
delete the erroneous units; e.g., type `2' to delete
two letters. (See Chapter 27 of The TeXbook.)

! Missing number, treated as zero.
<to be read again> 
                   \vrule 
l.77 \line(1,0){2.5in}& &\line(1,0){2.5in}
                                             \\
A number should have been here; I inserted `0'.
(If you can't figure out why I needed to see a number,
look up `weird error' in the index to The TeXbook.)

! Illegal unit of measure (pt inserted).
<to be read again> 
                   \vrule 
l.77 \line(1,0){2.5in}& &\line(1,0){2.5in}
                                             \\
Dimensions can be in units of em, ex, in, pt, pc,
cm, mm, dd, cc, nd, nc, bp, or sp; but yours is a new one!
I'll assume that you meant to say pt, for printer's points.
To recover gracefully from this error, it's best to
delete the erroneous units; e.g., type `2' to delete
two letters. (See Chapter 27 of The TeXbook.)

[2] [3] [4] [5]) (C:\Users\Admin\workspace\Thesis\Thesis_Main.toc [3

] [4]
[5])
\tf@toc=\write4
 [6] (C:\Users\Admin\workspace\Thesis\Thesis_Ackno.tex) [7]
(C:\Users\Admin\workspace\Thesis\Thesis_Introduction.tex
Chapter 1.
Missing character: There is no é in font cmr12!
pdfTeX warning (ext4): destination with the same identifier (name{page.1}) has 
been already used, duplicate ignored
<to be read again> 
                   \relax 
l.24 
      [1

]) (C:\Users\Admin\workspace\Thesis\Thesis_Chap1.tex

! LaTeX Error: Command \defi already defined.
               Or name \end... illegal, see p.192 of the manual.

See the LaTeX manual or LaTeX Companion for explanation.
Type  H <return>  for immediate help.
 ...                                              
                                                  
l.16 \newtheorem{defi}{Definition}[chapter]
                                           
Your command was ignored.
Type  I <command> <return>  to replace it with another command,
or  <return>  to continue without it.


Overfull \vbox (7.73332pt too high) has occurred while \output is active []

pdfTeX warning (ext4): destination with the same identifier (name{page.2}) has 
been already used, duplicate ignored
<to be read again> 
                   \relax 
l.21 \chapter
             {Derivation of Navier-Stokes Equations} [2]
Chapter 2.
pdfTeX warning (ext4): destination with the same identifier (name{page.3}) has 
been already used, duplicate ignored
<to be read again> 
                   \relax 
l.28 
      [3

]
Overfull \hbox (23.42654pt too wide) in paragraph at lines 35--36
[][]\OT1/cmr/m/n/12 Let $\OML/cmm/m/it/12  \OT1/cmr/m/n/12 : 
[] \OMS/cmsy/m/n/12  \OT1/cmr/m/n/12 (0\OML/cmm/m/it/12 ; T\OT1/cmr/m/n/12 ) [
][]\OMS/cmsy/m/n/12 ! \OT1/cmr/m/n/12 
[]$; where $([]\OML/cmm/m/it/12 ; t\OT1/cmr/m/n/12 ) \OMS/cmsy/m/n/12 7[][]! []
 \OT1/cmr/m/n/12 = \OML/cmm/m/it/12 \OT1/cmr/m/n/12 ([]\OML/cmm/m/it/12 ; t\OT
1/cmr/m/n/12 ) = (\OML/cmm/m/it/12 []\OT1/cmr/m/n/12 (\OML/cmm/m/it/12 X; t\OT
1/cmr/m/n/12 )\OML/cmm/m/it/12 ; []\OT1/cmr/m/n/12 (\OML/cmm/m/it/12 X; t\OT1/
cmr/m/n/12 )\OML/cmm/m/it/12 ; []\OT1/cmr/m/n/12 (\OML/cmm/m/it/12 X; t\OT1/cm
r/m/n/12 ))$ 
 []


Overfull \hbox (28.97467pt too wide) in paragraph at lines 45--46
[][]\OT1/cmr/m/n/12 The co-or-di-nates of the point $[]$, de-noted by $(\OML/cm
m/m/it/12 X[]; X[]; X[]\OT1/cmr/m/n/12 )$ are called ma-te-rial(Lagrangian)
 []


Overfull \vbox (7.73332pt too high) has occurred while \output is active []

pdfTeX warning (ext4): destination with the same identifier (name{page.4}) has 
been already used, duplicate ignored
<to be read again> 
                   \relax 
l.47 T
      he coordinates of the point $\textbf{x}$, denoted by $(x_1, x_2, x_3)$...
[4]
Package epstopdf Info: Source file: <config_gragh_marvin.eps>
(epstopdf)                    date: 2011-04-15 22:02:18
(epstopdf)                    size: 1804148 bytes
(epstopdf)             Output file: <config_gragh_marvin-eps-converted-to.pdf>
(epstopdf)                    date: 2014-04-25 01:52:57
(epstopdf)                    size: 19971 bytes
(epstopdf)             Command: <epstopdf --outfile=config_gragh_marvin-eps-con
verted-to.pdf config_gragh_marvin.eps>
(epstopdf)             \includegraphics on input line 54.
Package epstopdf Info: Output file is already uptodate.

<config_gragh_marvin-eps-converted-to.pdf, id=264, 590.205pt x 400.49625pt>
File: config_gragh_marvin-eps-converted-to.pdf Graphic file (type pdf)

<use config_gragh_marvin-eps-converted-to.pdf>
Package pdftex.def Info: config_gragh_marvin-eps-converted-to.pdf used on input
 line 54.
(pdftex.def)             Requested size: 295.10178pt x 200.24763pt.

Underfull \hbox (badness 10000) in paragraph at lines 58--62

 []


Overfull \vbox (7.73332pt too high) has occurred while \output is active []

pdfTeX warning (ext4): destination with the same identifier (name{page.5}) has 
been already used, duplicate ignored
<to be read again> 
                   \relax 
l.62 $$
        x_{i}x_{i} = x_{1}^2 + x_{2}^2 + x_{3}^2 $$ [5 <C:/Users/Admin/workspac
e/Thesis/config_gragh_marvin-eps-converted-to.pdf>]
Overfull \vbox (7.73332pt too high) has occurred while \output is active []


[6]
Overfull \vbox (7.73332pt too high) has occurred while \output is active []


[7]
Overfull \vbox (7.73332pt too high) has occurred while \output is active []


[8]
Overfull \vbox (7.73332pt too high) has occurred while \output is active []


[9]
Overfull \hbox (36.3184pt too wide) in alignment at lines 178--185
 [][][] []
 []


Overfull \vbox (7.73332pt too high) has occurred while \output is active []


[10]
Overfull \vbox (7.73332pt too high) has occurred while \output is active []


[11]
Overfull \vbox (7.73332pt too high) has occurred while \output is active []


[12]
Overfull \vbox (7.73332pt too high) has occurred while \output is active []


[13]
Overfull \vbox (7.73332pt too high) has occurred while \output is active []


[14]
Overfull \vbox (7.73332pt too high) has occurred while \output is active []


[15]
Overfull \vbox (7.73332pt too high) has occurred while \output is active []


[16]
Overfull \vbox (7.73332pt too high) has occurred while \output is active []


[17]
Overfull \vbox (7.73332pt too high) has occurred while \output is active []


[18]) (C:\Users\Admin\workspace\Thesis\Thesis_Chap2.tex
Overfull \vbox (7.73332pt too high) has occurred while \output is active []


[19]
Overfull \vbox (7.73332pt too high) has occurred while \output is active []


[20]
Chapter 3.
[21

]
Missing character: There is no ’ in font cmr12!

Overfull \vbox (7.73332pt too high) has occurred while \output is active []


[22]
Overfull \vbox (7.73332pt too high) has occurred while \output is active []


[23]
Missing character: There is no ’ in font cmr12!

Overfull \vbox (7.73332pt too high) has occurred while \output is active []


[24]
Overfull \vbox (7.73332pt too high) has occurred while \output is active []


[25]
Overfull \vbox (7.73332pt too high) has occurred while \output is active []


[26]
Overfull \hbox (10.8003pt too wide) detected at line 104
[] [][] \OT1/cmr/m/n/12 := [] [] []
 []


Overfull \vbox (7.73332pt too high) has occurred while \output is active []


[27]
Overfull \vbox (7.73332pt too high) has occurred while \output is active []


[28]
Package epstopdf Info: Source file: <staggered_grid_marvin.eps>
(epstopdf)                    date: 2011-04-15 22:15:06
(epstopdf)                    size: 1806491 bytes
(epstopdf)             Output file: <staggered_grid_marvin-eps-converted-to.pdf
>
(epstopdf)                    date: 2014-04-25 01:53:08
(epstopdf)                    size: 17969 bytes
(epstopdf)             Command: <epstopdf --outfile=staggered_grid_marvin-eps-c
onverted-to.pdf staggered_grid_marvin.eps>
(epstopdf)             \includegraphics on input line 132.
Package epstopdf Info: Output file is already uptodate.

<staggered_grid_marvin-eps-converted-to.pdf, id=438, 481.8pt x 348.30125pt>
File: staggered_grid_marvin-eps-converted-to.pdf Graphic file (type pdf)

<use staggered_grid_marvin-eps-converted-to.pdf>
Package pdftex.def Info: staggered_grid_marvin-eps-converted-to.pdf used on inp
ut line 132.
(pdftex.def)             Requested size: 240.8994pt x 174.15019pt.

Overfull \vbox (7.73332pt too high) has occurred while \output is active []


[29]
Overfull \vbox (7.73332pt too high) has occurred while \output is active []


[30 <C:/Users/Admin/workspace/Thesis/staggered_grid_marvin-eps-converted-to.pdf
>]
! Extra alignment tab has been changed to \cr.
<template> \egroup \endtemplate 
                                
l.157 & &
          + \gamma \frac{1}{\delta x} \left(\frac{\left|u_{i}^{j} + u_{i+1}^...
You have given more \span or & marks than there were
in the preamble to the \halign or \valign now in progress.
So I'll assume that you meant to type \cr instead.


! LaTeX Error: Too many columns in eqnarray environment.

See the LaTeX manual or LaTeX Companion for explanation.
Type  H <return>  for immediate help.
 ...                                              
                                                  
l.157 ...} - u_{i}^{j})}{2}\right) \end{eqnarray*}
                                                  
Try typing  <return>  to proceed.
If that doesn't work, type  X <return>  to quit.

! Extra alignment tab has been changed to \cr.
<template> \egroup \endtemplate 
                                
l.160 & &
          + \gamma \frac{1}{\delta y} \left(\frac{\left|v_{i}^{j} + v_{i+1}^...
You have given more \span or & marks than there were
in the preamble to the \halign or \valign now in progress.
So I'll assume that you meant to type \cr instead.


! LaTeX Error: Too many columns in eqnarray environment.

See the LaTeX manual or LaTeX Companion for explanation.
Type  H <return>  for immediate help.
 ...                                              
                                                  
l.160 ...} - u_{i}^{j})}{2}\right) \end{eqnarray*}
                                                  
Try typing  <return>  to proceed.
If that doesn't work, type  X <return>  to quit.


Overfull \vbox (7.73332pt too high) has occurred while \output is active []


[31]
! Extra alignment tab has been changed to \cr.
<template> \egroup \endtemplate 
                                
l.170 & &
          + \gamma \frac{1}{\delta y} \left(\frac{\left|v_{i}^{j} + v_{i}^{j...
You have given more \span or & marks than there were
in the preamble to the \halign or \valign now in progress.
So I'll assume that you meant to type \cr instead.


! LaTeX Error: Too many columns in eqnarray environment.

See the LaTeX manual or LaTeX Companion for explanation.
Type  H <return>  for immediate help.
 ...                                              
                                                  
l.170 ...} - v_{i}^{j})}{2}\right) \end{eqnarray*}
                                                  
Try typing  <return>  to proceed.
If that doesn't work, type  X <return>  to quit.

! Extra alignment tab has been changed to \cr.
<template> \egroup \endtemplate 
                                
l.173 & &
          + \gamma \frac{1}{\delta x} \left(\frac{\left|u_{i}^{j} + u_{i}^{j...
You have given more \span or & marks than there were
in the preamble to the \halign or \valign now in progress.
So I'll assume that you meant to type \cr instead.


! LaTeX Error: Too many columns in eqnarray environment.

See the LaTeX manual or LaTeX Companion for explanation.
Type  H <return>  for immediate help.
 ...                                              
                                                  
l.173 ...} - v_{i}^{j})}{2}\right) \end{eqnarray*}
                                                  
Try typing  <return>  to proceed.
If that doesn't work, type  X <return>  to quit.


Overfull \vbox (7.73332pt too high) has occurred while \output is active []


[32]
Overfull \vbox (7.73332pt too high) has occurred while \output is active []


[33]
Overfull \vbox (7.73332pt too high) has occurred while \output is active []


[34]
Overfull \vbox (7.73332pt too high) has occurred while \output is active []


[35]
Overfull \vbox (7.73332pt too high) has occurred while \output is active []


[36]
Overfull \vbox (7.73332pt too high) has occurred while \output is active []


[37]) (C:\Users\Admin\workspace\Thesis\Thesis_Chap3.tex
Overfull \vbox (7.73332pt too high) has occurred while \output is active []


[38]
Chapter 4.
[39

]
LaTeX Font Info:    Try loading font information for OMS+cmr on input line 31.
 ("C:\Program Files (x86)\MiKTeX 2.9\tex\latex\base\omscmr.fd"
File: omscmr.fd 1999/05/25 v2.5h Standard LaTeX font definitions
)
LaTeX Font Info:    Font shape `OMS/cmr/m/n' in size <12> not available
(Font)              Font shape `OMS/cmsy/m/n' tried instead on input line 31.

Overfull \vbox (7.73332pt too high) has occurred while \output is active []


[40]
Overfull \vbox (7.73332pt too high) has occurred while \output is active []


[41]
Overfull \vbox (7.73332pt too high) has occurred while \output is active []


[42]) (C:\Users\Admin\workspace\Thesis\Thesis_Chap4.tex
Overfull \vbox (7.73332pt too high) has occurred while \output is active []


[43]
Overfull \vbox (7.73332pt too high) has occurred while \output is active []


[44]
Chapter 5.
[45

]) (C:\Users\Admin\workspace\Thesis\Thesis_Chap5.tex
Overfull \vbox (7.73332pt too high) has occurred while \output is active []


[46]
Overfull \vbox (7.73332pt too high) has occurred while \output is active []


[47]
Chapter 6.
[48

]
Overfull \vbox (7.73332pt too high) has occurred while \output is active []


[49]
Package epstopdf Info: Source file: <blasiusvp.eps>
(epstopdf)                    date: 2011-05-02 14:54:52
(epstopdf)                    size: 168827 bytes
(epstopdf)             Output file: <blasiusvp-eps-converted-to.pdf>
(epstopdf)                    date: 2014-04-25 01:53:13
(epstopdf)                    size: 42943 bytes
(epstopdf)             Command: <epstopdf --outfile=blasiusvp-eps-converted-to.
pdf blasiusvp.eps>
(epstopdf)             \includegraphics on input line 42.
Package epstopdf Info: Output file is already uptodate.
 <blasiusvp-eps-converted-to.pdf, id=561, 769.87625pt x 468.75125pt>
File: blasiusvp-eps-converted-to.pdf Graphic file (type pdf)

<use blasiusvp-eps-converted-to.pdf>
Package pdftex.def Info: blasiusvp-eps-converted-to.pdf used on input line 42.
(pdftex.def)             Requested size: 307.94504pt x 187.49716pt.
Package epstopdf Info: Source file: <blasius.eps>
(epstopdf)                    date: 2011-05-02 14:51:04
(epstopdf)                    size: 10648 bytes
(epstopdf)             Output file: <blasius-eps-converted-to.pdf>
(epstopdf)                    date: 2014-04-25 01:53:17
(epstopdf)                    size: 4293 bytes
(epstopdf)             Command: <epstopdf --outfile=blasius-eps-converted-to.pd
f blasius.eps>
(epstopdf)             \includegraphics on input line 50.
Package epstopdf Info: Output file is already uptodate.

<blasius-eps-converted-to.pdf, id=562, 769.87625pt x 468.75125pt>
File: blasius-eps-converted-to.pdf Graphic file (type pdf)

<use blasius-eps-converted-to.pdf>
Package pdftex.def Info: blasius-eps-converted-to.pdf used on input line 50.
(pdftex.def)             Requested size: 307.94504pt x 187.49716pt.


LaTeX Warning: Float too large for page by 138.36661pt on input line 87.

Package epstopdf Info: Source file: <pplate500_velocityfield.eps>
(epstopdf)                    date: 2011-03-14 23:36:32
(epstopdf)                    size: 40307 bytes
(epstopdf)             Output file: <pplate500_velocityfield-eps-converted-to.p
df>
(epstopdf)                    date: 2014-04-25 01:53:21
(epstopdf)                    size: 11842 bytes
(epstopdf)             Command: <epstopdf --outfile=pplate500_velocityfield-eps
-converted-to.pdf pplate500_velocityfield.eps>
(epstopdf)             \includegraphics on input line 95.
Package epstopdf Info: Output file is already uptodate.

<pplate500_velocityfield-eps-converted-to.pdf, id=563, 1444.39626pt x 688.5725p
t>
File: pplate500_velocityfield-eps-converted-to.pdf Graphic file (type pdf)
 <use pplate500_velocityfield-eps-converted-to.pdf>
Package pdftex.def Info: pplate500_velocityfield-eps-converted-to.pdf used on i
nput line 95.
(pdftex.def)             Requested size: 433.32222pt x 206.57333pt.

Overfull \hbox (18.32222pt too wide) in paragraph at lines 95--96
 [][] 
 []


Overfull \vbox (7.73332pt too high) has occurred while \output is active []


[50 <C:/Users/Admin/workspace/Thesis/blasiusvp-eps-converted-to.pdf>]
Overfull \vbox (7.73332pt too high) has occurred while \output is active []


[51 <C:/Users/Admin/workspace/Thesis/blasius-eps-converted-to.pdf> <C:/Users/Ad
min/workspace/Thesis/pplate500_velocityfield-eps-converted-to.pdf>]
Overfull \vbox (7.73332pt too high) has occurred while \output is active []


[52]
Package epstopdf Info: Source file: <dcavity.eps>
(epstopdf)                    date: 2011-04-04 12:53:28
(epstopdf)                    size: 833655 bytes
(epstopdf)             Output file: <dcavity-eps-converted-to.pdf>
(epstopdf)                    date: 2014-04-25 01:53:31
(epstopdf)                    size: 542445 bytes
(epstopdf)             Command: <epstopdf --outfile=dcavity-eps-converted-to.pd
f dcavity.eps>
(epstopdf)             \includegraphics on input line 109.
Package epstopdf Info: Output file is already uptodate.
 <dcavity-eps-converted-to.pdf, id=595, 769.87625pt x 499.8675pt>
File: dcavity-eps-converted-to.pdf Graphic file (type pdf)

<use dcavity-eps-converted-to.pdf>
Package pdftex.def Info: dcavity-eps-converted-to.pdf used on input line 109.
(pdftex.def)             Requested size: 384.93718pt x 249.93314pt.
Package epstopdf Info: Source file: <dcavity_velocityfield.eps>
(epstopdf)                    date: 2011-03-14 23:31:46
(epstopdf)                    size: 165691 bytes
(epstopdf)             Output file: <dcavity_velocityfield-eps-converted-to.pdf
>
(epstopdf)                    date: 2014-04-25 01:53:35
(epstopdf)                    size: 65407 bytes
(epstopdf)             Command: <epstopdf --outfile=dcavity_velocityfield-eps-c
onverted-to.pdf dcavity_velocityfield.eps>
(epstopdf)             \includegraphics on input line 119.
Package epstopdf Info: Output file is already uptodate.

<dcavity_velocityfield-eps-converted-to.pdf, id=596, 1444.39626pt x 710.655pt>
File: dcavity_velocityfield-eps-converted-to.pdf Graphic file (type pdf)

<use dcavity_velocityfield-eps-converted-to.pdf>
Package pdftex.def Info: dcavity_velocityfield-eps-converted-to.pdf used on inp
ut line 119.
(pdftex.def)             Requested size: 433.32222pt x 213.19814pt.

Overfull \hbox (18.32222pt too wide) in paragraph at lines 119--120
 [][] 
 []


Overfull \vbox (7.73332pt too high) has occurred while \output is active []


[53]
Overfull \vbox (7.73332pt too high) has occurred while \output is active []


[54 <C:/Users/Admin/workspace/Thesis/dcavity-eps-converted-to.pdf>]
Package epstopdf Info: Source file: <backstep_velocityfield.eps>
(epstopdf)                    date: 2011-03-14 23:30:08
(epstopdf)                    size: 62881 bytes
(epstopdf)             Output file: <backstep_velocityfield-eps-converted-to.pd
f>
(epstopdf)                    date: 2014-04-25 01:53:40
(epstopdf)                    size: 29599 bytes
(epstopdf)             Command: <epstopdf --outfile=backstep_velocityfield-eps-
converted-to.pdf backstep_velocityfield.eps>
(epstopdf)             \includegraphics on input line 130.
Package epstopdf Info: Output file is already uptodate.

<backstep_velocityfield-eps-converted-to.pdf, id=610, 1444.39626pt x 710.655pt>
File: backstep_velocityfield-eps-converted-to.pdf Graphic file (type pdf)
<use backstep_velocityfield-eps-converted-to.pdf>
Package pdftex.def Info: backstep_velocityfield-eps-converted-to.pdf used on in
put line 130.
(pdftex.def)             Requested size: 433.32222pt x 213.19814pt.

Overfull \hbox (18.32222pt too wide) in paragraph at lines 130--131
 [][] 
 []

Package epstopdf Info: Source file: <backstep_velocityfield1.eps>
(epstopdf)                    date: 2011-03-14 23:30:40
(epstopdf)                    size: 14548 bytes
(epstopdf)             Output file: <backstep_velocityfield1-eps-converted-to.p
df>
(epstopdf)                    date: 2014-04-25 01:53:43
(epstopdf)                    size: 5740 bytes
(epstopdf)             Command: <epstopdf --outfile=backstep_velocityfield1-eps
-converted-to.pdf backstep_velocityfield1.eps>
(epstopdf)             \includegraphics on input line 138.
Package epstopdf Info: Output file is already uptodate.

<backstep_velocityfield1-eps-converted-to.pdf, id=611, 1444.39626pt x 710.655pt
>
File: backstep_velocityfield1-eps-converted-to.pdf Graphic file (type pdf)
 <use backstep_velocityfield1-eps-converted-to.pdf>
Package pdftex.def Info: backstep_velocityfield1-eps-converted-to.pdf used on i
nput line 138.
(pdftex.def)             Requested size: 433.32222pt x 213.19814pt.

Overfull \hbox (18.32222pt too wide) in paragraph at lines 138--139
 [][] 
 []

) (C:\Users\Admin\workspace\Thesis\Thesis_Chap6.tex
Overfull \vbox (7.73332pt too high) has occurred while \output is active []


[55 <C:/Users/Admin/workspace/Thesis/dcavity_velocityfield-eps-converted-to.pdf
>]
Overfull \vbox (7.73332pt too high) has occurred while \output is active []


[56 <C:/Users/Admin/workspace/Thesis/backstep_velocityfield-eps-converted-to.pd
f> <C:/Users/Admin/workspace/Thesis/backstep_velocityfield1-eps-converted-to.pd
f>]
Overfull \vbox (7.73332pt too high) has occurred while \output is active []


[57]
Chapter 7.
[58

]) (C:\Users\Admin\workspace\Thesis\Thesis_Biblio.tex
Overfull \vbox (7.73332pt too high) has occurred while \output is active []


[59] [60

]
Runaway argument?
{\settowidth \labelwidth {\@biblabel {
! Paragraph ended before \list was complete.
<to be read again> 
                   \par 
l.21 
     
I suspect you've forgotten a `}', causing me to apply this
control sequence to too much text. How can we recover?
My plan is to forget the whole thing and hope for the best.

! Extra }, or forgotten \endgroup.
\thebibliography ...h \labelwidth {\@biblabel {#1}
                                                  }\leftmargin \labelwidth \...
l.21 
     
I've deleted a group-closing symbol because it seems to be
spurious, as in `$x}$'. But perhaps the } is legitimate and
you forgot something else, as in `\hbox{$x}'. In such cases
the way to recover is to insert both the forgotten and the
deleted material, e.g., by typing `I$}'.

! Extra }, or forgotten \endgroup.
\thebibliography ... \labelwidth {\@biblabel {#1}}
                                                  \leftmargin \labelwidth \a...
l.21 
     
I've deleted a group-closing symbol because it seems to be
spurious, as in `$x}$'. But perhaps the } is legitimate and
you forgot something else, as in `\hbox{$x}'. In such cases
the way to recover is to insert both the forgotten and the
deleted material, e.g., by typing `I$}'.

! Extra }, or forgotten \endgroup.
\thebibliography ...eenumiv {\@arabic \c@enumiv }}
                                                  \sloppy \clubpenalty 4000 ...
l.21 
     
I've deleted a group-closing symbol because it seems to be
spurious, as in `$x}$'. But perhaps the } is legitimate and
you forgot something else, as in `\hbox{$x}'. In such cases
the way to recover is to insert both the forgotten and the
deleted material, e.g., by typing `I$}'.


! LaTeX Error: Lonely \item--perhaps a missing list environment.

See the LaTeX manual or LaTeX Companion for explanation.
Type  H <return>  for immediate help.
 ...                                              
                                                  
l.22 \bibitem{cpm}
                   [1] Chorin A J 1968 Numerical Solution of the Navier-Stok...

Try typing  <return>  to proceed.
If that doesn't work, type  X <return>  to quit.


! LaTeX Error: Lonely \item--perhaps a missing list environment.

See the LaTeX manual or LaTeX Companion for explanation.
Type  H <return>  for immediate help.
 ...                                              
                                                  
l.24 \bibitem{nsfd}
                    [2] Griebel M, dornseifer T Neunhoeffer, T 1997 Numerica...

Try typing  <return>  to proceed.
If that doesn't work, type  X <return>  to quit.


! LaTeX Error: Lonely \item--perhaps a missing list environment.

See the LaTeX manual or LaTeX Companion for explanation.
Type  H <return>  for immediate help.
 ...                                              
                                                  
l.26 \bibitem{ffm}
                   [3] Munson B, Young D, Okiishi T 2008 Fundamentals of Flu...

Try typing  <return>  to proceed.
If that doesn't work, type  X <return>  to quit.


! LaTeX Error: Lonely \item--perhaps a missing list environment.

See the LaTeX manual or LaTeX Companion for explanation.
Type  H <return>  for immediate help.
 ...                                              
                                                  
l.28 \bibitem{ncse}
                    [4] Pozrikidis C 1998 Numerical Computation in Science a...

Try typing  <return>  to proceed.
If that doesn't work, type  X <return>  to quit.


! LaTeX Error: Lonely \item--perhaps a missing list environment.

See the LaTeX manual or LaTeX Companion for explanation.
Type  H <return>  for immediate help.
 ...                                              
                                                  
l.30 \bibitem{feln}
                    [5] Mason D P 1997 Finite Elasticity Lecture Notes, Univ...

Try typing  <return>  to proceed.
If that doesn't work, type  X <return>  to quit.

[61

]

! LaTeX Error: Lonely \item--perhaps a missing list environment.

See the LaTeX manual or LaTeX Companion for explanation.
Type  H <return>  for immediate help.
 ...                                              
                                                  
l.32 \bibitem{fmln}
                    [6] Mason D P 1997 Fluid Mechanics Lecture Notes, Univer...

Try typing  <return>  to proceed.
If that doesn't work, type  X <return>  to quit.

)
Package atveryend Info: Empty hook `BeforeClearDocument' on input line 62.

Overfull \vbox (7.73332pt too high) has occurred while \output is active []


[62]
Package atveryend Info: Empty hook `AfterLastShipout' on input line 62.
 (C:\Users\Admin\workspace\Thesis\Thesis_Main.aux)
Package atveryend Info: Executing hook `AtVeryEndDocument' on input line 62.
Package atveryend Info: Executing hook `AtEndAfterFileList' on input line 62.
Package rerunfilecheck Info: File `Thesis_Main.out' has not changed.
(rerunfilecheck)             Checksum: 1CF4BDA2F69742BA4624B385F4C1FDD3;2680.
 ) 
Here is how much of TeX's memory you used:
 5305 strings out of 494045
 79490 string characters out of 3145969
 161452 words of memory out of 3000000
 8338 multiletter control sequences out of 15000+200000
 9727 words of font info for 34 fonts, out of 3000000 for 9000
 715 hyphenation exceptions out of 8191
 30i,13n,28p,2269b,402s stack positions out of 5000i,500n,10000p,200000b,50000s
<C:/Program Files (x86)/MiKTeX 2.9/fonts/type1/public/amsfonts/cm/cmbx12.pfb>
<C:/Program Files (x86)/MiKTeX 2.9/fonts/type1/public/amsfonts/cm/cmbxti10.pfb>
<C:/Program Files (x86)/MiKTeX 2.9/fonts/type1/public/amsfonts/cm/cmex10.pfb><C
:/Program Files (x86)/MiKTeX 2.9/fonts/type1/public/amsfonts/cm/cmmi12.pfb><C:/
Program Files (x86)/MiKTeX 2.9/fonts/type1/public/amsfonts/cm/cmmi8.pfb><C:/Pro
gram Files (x86)/MiKTeX 2.9/fonts/type1/public/amsfonts/cm/cmr12.pfb><C:/Progra
m Files (x86)/MiKTeX 2.9/fonts/type1/public/amsfonts/cm/cmr17.pfb><C:/Program F
iles (x86)/MiKTeX 2.9/fonts/type1/public/amsfonts/cm/cmr6.pfb><C:/Program Files
 (x86)/MiKTeX 2.9/fonts/type1/public/amsfonts/cm/cmr8.pfb><C:/Program Files (x8
6)/MiKTeX 2.9/fonts/type1/public/amsfonts/cm/cmsy10.pfb><C:/Program Files (x86)
/MiKTeX 2.9/fonts/type1/public/amsfonts/cm/cmsy8.pfb><C:/Program Files (x86)/Mi
KTeX 2.9/fonts/type1/public/amsfonts/cm/cmti12.pfb><C:/Program Files (x86)/MiKT
eX 2.9/fonts/type1/public/amsfonts/cm/cmtt12.pfb>
Output written on Thesis_Main.pdf (72 pages, 1041975 bytes).
PDF statistics:
 748 PDF objects out of 1000 (max. 8388607)
 200 named destinations out of 1000 (max. 500000)
 342 words of extra memory for PDF output out of 10000 (max. 10000000)

